<?xml version="1.0" encoding="UTF-8"?>
<!-- Generated by org.testng.reporters.JUnitReportReporter -->
<testsuite hostname="dell" failures="0" tests="1" name="testScript.TC_02Test" time="57.430" errors="0" timestamp="2023-07-27T11:37:25 IST" skipped="0">
  <testcase classname="testScript.TC_02Test" name="RegisterCredential" time="57.430"/>
  <system-out/>
</testsuite> <!-- testScript.TC_02Test -->
