<?xml version="1.0" encoding="UTF-8"?>
<!-- Generated by org.testng.reporters.JUnitReportReporter -->
<testsuite hostname="dell" failures="0" tests="1" name="testScript.TC_01Teas" time="7.256" errors="0" timestamp="2023-07-27T09:41:20 IST" skipped="0">
  <testcase classname="testScript.TC_01Teas" name="loginWithValidCredentials" time="7.256"/>
  <system-out/>
</testsuite> <!-- testScript.TC_01Teas -->
